<?xml version="1.0" encoding="UTF-8"?>
<testng-results skipped="0" failed="1" ignored="0" total="1" passed="0">
  <reporter-output>
  </reporter-output>
  <suite name="Suite1" duration-ms="106601" started-at="2018-07-02T16:26:40Z" finished-at="2018-07-02T16:28:26Z">
    <groups>
    </groups>
    <test name="SampleTest" duration-ms="106601" started-at="2018-07-02T16:26:40Z" finished-at="2018-07-02T16:28:26Z">
      <class name="application.test.LoginTest">
        <test-method status="PASS" signature="setup(java.lang.String, java.lang.String)[pri:0, instance:application.test.LoginTest@6a205]" name="setup" is-config="true" duration-ms="21544" started-at="2018-07-02T21:56:40Z" finished-at="2018-07-02T21:57:01Z">
          <params>
            <param index="0">
              <value>
                <![CDATA[https://naukri.com]]>
              </value>
            </param>
            <param index="1">
              <value>
                <![CDATA[chrome]]>
              </value>
            </param>
          </params>
          <reporter-output>
          </reporter-output>
        </test-method> <!-- setup -->
        <test-method status="PASS" signature="waitBeforeEveryMethod()[pri:0, instance:application.test.LoginTest@6a205]" name="waitBeforeEveryMethod" is-config="true" duration-ms="7" started-at="2018-07-02T21:57:01Z" finished-at="2018-07-02T21:57:01Z">
          <reporter-output>
          </reporter-output>
        </test-method> <!-- waitBeforeEveryMethod -->
        <test-method status="FAIL" signature="testLogin()[pri:0, instance:application.test.LoginTest@6a205]" name="testLogin" duration-ms="85011" started-at="2018-07-02T21:57:01Z" finished-at="2018-07-02T21:58:26Z">
          <exception class="java.lang.NoClassDefFoundError">
            <message>
              <![CDATA[org/openqa/selenium/interactions/internal/Locatable]]>
            </message>
            <full-stacktrace>
              <![CDATA[java.lang.NoClassDefFoundError: org/openqa/selenium/interactions/internal/Locatable
	at org.openqa.selenium.support.pagefactory.DefaultFieldDecorator.proxyForLocator(DefaultFieldDecorator.java:101)
	at org.openqa.selenium.support.pagefactory.DefaultFieldDecorator.decorate(DefaultFieldDecorator.java:62)
	at org.openqa.selenium.support.PageFactory.proxyFields(PageFactory.java:113)
	at org.openqa.selenium.support.PageFactory.initElements(PageFactory.java:105)
	at org.openqa.selenium.support.PageFactory.initElements(PageFactory.java:92)
	at org.openqa.selenium.support.PageFactory.initElements(PageFactory.java:79)
	at naukri.pages.LoginPage.<init>(Unknown Source)
	at application.test.LoginTest.testLogin(LoginTest.java:14)
	at sun.reflect.NativeMethodAccessorImpl.invoke0(Native Method)
	at sun.reflect.NativeMethodAccessorImpl.invoke(Unknown Source)
	at sun.reflect.DelegatingMethodAccessorImpl.invoke(Unknown Source)
	at java.lang.reflect.Method.invoke(Unknown Source)
	at org.testng.internal.MethodInvocationHelper.invokeMethod(MethodInvocationHelper.java:108)
	at org.testng.internal.Invoker.invokeMethod(Invoker.java:661)
	at org.testng.internal.Invoker.invokeTestMethod(Invoker.java:869)
	at org.testng.internal.Invoker.invokeTestMethods(Invoker.java:1193)
	at org.testng.internal.TestMethodWorker.invokeTestMethods(TestMethodWorker.java:126)
	at org.testng.internal.TestMethodWorker.run(TestMethodWorker.java:109)
	at org.testng.TestRunner.privateRun(TestRunner.java:744)
	at org.testng.TestRunner.run(TestRunner.java:602)
	at org.testng.SuiteRunner.runTest(SuiteRunner.java:380)
	at org.testng.SuiteRunner.runSequentially(SuiteRunner.java:375)
	at org.testng.SuiteRunner.privateRun(SuiteRunner.java:340)
	at org.testng.SuiteRunner.run(SuiteRunner.java:289)
	at org.testng.SuiteRunnerWorker.runSuite(SuiteRunnerWorker.java:52)
	at org.testng.SuiteRunnerWorker.run(SuiteRunnerWorker.java:86)
	at org.testng.TestNG.runSuitesSequentially(TestNG.java:1301)
	at org.testng.TestNG.runSuitesLocally(TestNG.java:1226)
	at org.testng.TestNG.runSuites(TestNG.java:1144)
	at org.testng.TestNG.run(TestNG.java:1115)
	at application.test.ConfigTest.main(ConfigTest.java:46)
Caused by: java.lang.ClassNotFoundException: org.openqa.selenium.interactions.internal.Locatable
	at java.net.URLClassLoader.findClass(Unknown Source)
	at java.lang.ClassLoader.loadClass(Unknown Source)
	at sun.misc.Launcher$AppClassLoader.loadClass(Unknown Source)
	at java.lang.ClassLoader.loadClass(Unknown Source)
	... 31 more
]]>
            </full-stacktrace>
          </exception> <!-- java.lang.NoClassDefFoundError -->
          <reporter-output>
          </reporter-output>
        </test-method> <!-- testLogin -->
        <test-method status="FAIL" signature="closeBrowser()[pri:0, instance:application.test.LoginTest@6a205]" name="closeBrowser" is-config="true" duration-ms="2" started-at="2018-07-02T21:58:26Z" finished-at="2018-07-02T21:58:26Z">
          <exception class="java.lang.NullPointerException">
            <full-stacktrace>
              <![CDATA[java.lang.NullPointerException
	at application.test.ConfigTest.closeBrowser(ConfigTest.java:122)
	at sun.reflect.NativeMethodAccessorImpl.invoke0(Native Method)
	at sun.reflect.NativeMethodAccessorImpl.invoke(Unknown Source)
	at sun.reflect.DelegatingMethodAccessorImpl.invoke(Unknown Source)
	at java.lang.reflect.Method.invoke(Unknown Source)
	at org.testng.internal.MethodInvocationHelper.invokeMethod(MethodInvocationHelper.java:108)
	at org.testng.internal.Invoker.invokeConfigurationMethod(Invoker.java:523)
	at org.testng.internal.Invoker.invokeConfigurations(Invoker.java:224)
	at org.testng.internal.Invoker.invokeConfigurations(Invoker.java:146)
	at org.testng.internal.TestMethodWorker.invokeAfterClassMethods(TestMethodWorker.java:212)
	at org.testng.internal.TestMethodWorker.run(TestMethodWorker.java:112)
	at org.testng.TestRunner.privateRun(TestRunner.java:744)
	at org.testng.TestRunner.run(TestRunner.java:602)
	at org.testng.SuiteRunner.runTest(SuiteRunner.java:380)
	at org.testng.SuiteRunner.runSequentially(SuiteRunner.java:375)
	at org.testng.SuiteRunner.privateRun(SuiteRunner.java:340)
	at org.testng.SuiteRunner.run(SuiteRunner.java:289)
	at org.testng.SuiteRunnerWorker.runSuite(SuiteRunnerWorker.java:52)
	at org.testng.SuiteRunnerWorker.run(SuiteRunnerWorker.java:86)
	at org.testng.TestNG.runSuitesSequentially(TestNG.java:1301)
	at org.testng.TestNG.runSuitesLocally(TestNG.java:1226)
	at org.testng.TestNG.runSuites(TestNG.java:1144)
	at org.testng.TestNG.run(TestNG.java:1115)
	at application.test.ConfigTest.main(ConfigTest.java:46)
]]>
            </full-stacktrace>
          </exception> <!-- java.lang.NullPointerException -->
          <reporter-output>
          </reporter-output>
        </test-method> <!-- closeBrowser -->
      </class> <!-- application.test.LoginTest -->
    </test> <!-- SampleTest -->
  </suite> <!-- Suite1 -->
</testng-results>
